ERROR: 2024/09/07 16:04:09 users.go:18: [repository.GetUserByUsernameAndPassword] error getting user by username and password: ОШИБКА: в элементе предложения FROM неверная ссылка на таблицу "users" (SQLSTATE 42P01)
ERROR: 2024/09/07 16:05:08 users.go:18: [repository.GetUserByUsernameAndPassword] error getting user by username and password: roles: unsupported relations for schema User
ERROR: 2024/09/07 16:06:50 users.go:18: [repository.GetUserByUsernameAndPassword] error getting user by username and password: roles: unsupported relations for schema User
ERROR: 2024/09/07 16:09:40 users.go:18: [repository.GetUserByUsernameAndPassword] error getting user by username and password: roles: unsupported relations for schema User
ERROR: 2024/09/07 16:10:26 users.go:18: [repository.GetUserByUsernameAndPassword] error getting user by username and password: ОШИБКА: в элементе предложения FROM неверная ссылка на таблицу "users" (SQLSTATE 42P01)
ERROR: 2024/09/07 16:11:37 users.go:19: [repository.GetUserByUsernameAndPassword] error getting user by username and password: ОШИБКА: ошибка синтаксиса (примерное положение: "ON") (SQLSTATE 42601)
ERROR: 2024/09/07 16:13:20 users.go:19: [repository.GetUserByUsernameAndPassword] error getting user by username and password: ОШИБКА: столбец roles.user_id не существует (SQLSTATE 42703)
ERROR: 2024/09/07 16:15:36 users.go:20: [repository.GetUserByUsernameAndPassword] error getting user by username and password: roles: unsupported relations for schema User
ERROR: 2024/09/07 16:31:44 users.go:19: [repository.GetUserByUsernameAndPassword] error getting user by username and password: Roles: unsupported relations for schema User
ERROR: 2024/09/07 16:32:35 users.go:19: [repository.GetUserByUsernameAndPassword] error getting user by username and password: Roles: unsupported relations for schema User
ERROR: 2024/09/07 16:32:50 users.go:19: [repository.GetUserByUsernameAndPassword] error getting user by username and password: record not found
ERROR: 2024/09/07 16:34:55 users.go:19: [repository.GetUserByUsernameAndPassword] error getting user by username and password: Roles: unsupported relations for schema User
ERROR: 2024/09/07 16:35:35 users.go:19: [repository.GetUserByUsernameAndPassword] error getting user by username and password: Roles: unsupported relations for schema User
ERROR: 2024/09/11 12:25:31 users.go:19: [repository.GetUserByUsernameAndPassword] error getting user by username and password: record not found
ERROR: 2024/09/11 12:45:29 users.go:19: [repository.GetUserByUsernameAndPassword] error getting user by username and password: record not found
ERROR: 2024/09/11 12:53:50 users.go:19: [repository.GetUserByUsernameAndPassword] error getting user by username and password: record not found
ERROR: 2024/09/14 13:42:02 users.go:18: [repository.GetUserByUsernameAndPassword] error getting user by username and password: record not found
ERROR: 2024/09/14 13:43:02 users.go:18: [repository.GetUserByUsernameAndPassword] error getting user by username and password: record not found
ERROR: 2024/09/14 13:43:26 users.go:38: [repository.GetUserByUsernameAndPassword] error getting user by username and password: record not found
ERROR: 2024/09/14 13:43:26 users.go:46: [repository.CreateUser] cannot create user. Error is: ОШИБКА: INSERT или UPDATE в таблице "users" нарушает ограничение внешнего ключа "fk_users_group" (SQLSTATE 23503)
ERROR: 2024/09/14 13:43:32 users.go:38: [repository.GetUserByUsernameAndPassword] error getting user by username and password: record not found
ERROR: 2024/09/14 13:43:32 users.go:46: [repository.CreateUser] cannot create user. Error is: ОШИБКА: INSERT или UPDATE в таблице "users" нарушает ограничение внешнего ключа "fk_users_group" (SQLSTATE 23503)
ERROR: 2024/09/14 13:44:24 users.go:38: [repository.GetUserByUsernameAndPassword] error getting user by username and password: record not found
ERROR: 2024/09/14 13:44:24 users.go:46: [repository.CreateUser] cannot create user. Error is: ОШИБКА: INSERT или UPDATE в таблице "users" нарушает ограничение внешнего ключа "fk_users_group" (SQLSTATE 23503)
ERROR: 2024/09/14 14:15:00 users.go:38: [repository.GetUserByUsernameAndPassword] error getting user by username and password: record not found
ERROR: 2024/09/14 14:15:00 users.go:46: [repository.CreateUser] cannot create user. Error is: failed to encode args[7]: unable to encode 0x2 into text format for varchar (OID 1043): cannot find encode plan
ERROR: 2024/09/14 14:16:59 users.go:38: [repository.GetUserByUsernameAndPassword] error getting user by username and password: record not found
ERROR: 2024/09/14 14:16:59 users.go:46: [repository.CreateUser] cannot create user. Error is: ОШИБКА: значение NULL в столбце "role_id" отношения "users" нарушает ограничение NOT NULL (SQLSTATE 23502)
ERROR: 2024/09/14 14:17:11 users.go:38: [repository.GetUserByUsernameAndPassword] error getting user by username and password: record not found
ERROR: 2024/09/14 14:17:11 users.go:46: [repository.CreateUser] cannot create user. Error is: ОШИБКА: значение NULL в столбце "role_id" отношения "users" нарушает ограничение NOT NULL (SQLSTATE 23502)
ERROR: 2024/09/14 14:17:40 users.go:38: [repository.GetUserByUsernameAndPassword] error getting user by username and password: record not found
ERROR: 2024/09/14 14:17:40 users.go:46: [repository.CreateUser] cannot create user. Error is: ОШИБКА: INSERT или UPDATE в таблице "users" нарушает ограничение внешнего ключа "fk_users_role" (SQLSTATE 23503)
ERROR: 2024/09/14 14:18:30 users.go:38: [repository.GetUserByUsernameAndPassword] error getting user by username and password: record not found
ERROR: 2024/09/14 14:18:30 users.go:46: [repository.CreateUser] cannot create user. Error is: ОШИБКА: INSERT или UPDATE в таблице "users" нарушает ограничение внешнего ключа "fk_users_role" (SQLSTATE 23503)
ERROR: 2024/09/14 14:27:29 users.go:38: [repository.GetUserByUsernameAndPassword] error getting user by username and password: record not found
ERROR: 2024/09/14 14:27:29 users.go:46: [repository.CreateUser] cannot create user. Error is: ОШИБКА: INSERT или UPDATE в таблице "users" нарушает ограничение внешнего ключа "fk_users_group" (SQLSTATE 23503)
ERROR: 2024/09/14 14:27:59 users.go:38: [repository.GetUserByUsernameAndPassword] error getting user by username and password: record not found
ERROR: 2024/09/14 14:27:59 users.go:46: [repository.CreateUser] cannot create user. Error is: ОШИБКА: INSERT или UPDATE в таблице "users" нарушает ограничение внешнего ключа "fk_users_group" (SQLSTATE 23503)
ERROR: 2024/09/14 14:28:58 users.go:38: [repository.GetUserByUsernameAndPassword] error getting user by username and password: record not found
ERROR: 2024/09/14 14:28:58 users.go:46: [repository.CreateUser] cannot create user. Error is: ОШИБКА: INSERT или UPDATE в таблице "users" нарушает ограничение внешнего ключа "fk_users_group" (SQLSTATE 23503)
ERROR: 2024/09/14 14:50:19 users.go:38: [repository.GetUserByUsernameAndPassword] error getting user by username and password: record not found
ERROR: 2024/09/14 14:52:36 users.go:38: [repository.GetUserByUsernameAndPassword] error getting user by username and password: record not found
ERROR: 2024/09/14 14:52:36 users.go:46: [repository.CreateUser] cannot create user. Error is: ОШИБКА: повторяющееся значение ключа нарушает ограничение уникальности "uni_users_phone" (SQLSTATE 23505)
ERROR: 2024/09/14 14:53:31 users.go:38: [repository.GetUserByUsernameAndPassword] error getting user by username and password: record not found
ERROR: 2024/09/14 14:55:46 users.go:38: [repository.GetUserByUsernameAndPassword] error getting user by username and password: record not found
ERROR: 2024/09/14 14:55:46 users.go:46: [repository.CreateUser] cannot create user. Error is: ОШИБКА: повторяющееся значение ключа нарушает ограничение уникальности "uni_users_phone" (SQLSTATE 23505)
ERROR: 2024/09/14 14:56:02 users.go:38: [repository.GetUserByUsernameAndPassword] error getting user by username and password: record not found
ERROR: 2024/09/14 14:56:10 users.go:38: [repository.GetUserByUsernameAndPassword] error getting user by username and password: record not found
ERROR: 2024/09/14 14:56:10 users.go:46: [repository.CreateUser] cannot create user. Error is: ОШИБКА: повторяющееся значение ключа нарушает ограничение уникальности "uni_users_phone" (SQLSTATE 23505)
ERROR: 2024/09/14 14:56:56 users.go:38: [repository.GetUserByUsernameAndPassword] error getting user by username and password: record not found
ERROR: 2024/09/14 14:57:03 users.go:38: [repository.GetUserByUsernameAndPassword] error getting user by username and password: record not found
ERROR: 2024/09/14 15:14:42 users.go:38: [repository.GetUserByUsernameAndPassword] error getting user by username and password: record not found
ERROR: 2024/09/14 15:22:54 users.go:38: [repository.GetUserByUsernameAndPassword] error getting user by username and password: record not found
ERROR: 2024/09/14 15:29:01 users.go:38: [repository.GetUserByUsernameAndPassword] error getting user by username and password: record not found
ERROR: 2024/09/14 15:29:39 users.go:18: [repository.GetUserByUsernameAndPassword] error getting user by username and password: record not found
ERROR: 2024/09/14 15:41:49 users.go:38: [repository.GetUserByUsernameAndPassword] error getting user by username and password: record not found
ERROR: 2024/09/14 15:42:16 users.go:38: [repository.GetUserByUsernameAndPassword] error getting user by username and password: record not found
ERROR: 2024/09/14 15:44:29 users.go:38: [repository.GetUserByUsernameAndPassword] error getting user by username and password: record not found
ERROR: 2024/09/14 16:57:04 users.go:38: [repository.GetUserByUsernameAndPassword] error getting user by username and password: record not found
ERROR: 2024/09/14 16:57:04 users.go:46: [repository.CreateUser] cannot create user. Error is: ОШИБКА: INSERT или UPDATE в таблице "users" нарушает ограничение внешнего ключа "fk_users_role" (SQLSTATE 23503)
ERROR: 2024/09/14 16:57:09 users.go:38: [repository.GetUserByUsernameAndPassword] error getting user by username and password: record not found
ERROR: 2024/09/14 16:57:09 users.go:46: [repository.CreateUser] cannot create user. Error is: ОШИБКА: INSERT или UPDATE в таблице "users" нарушает ограничение внешнего ключа "fk_users_role" (SQLSTATE 23503)
ERROR: 2024/09/14 17:03:15 users.go:18: [repository.GetUserByUsernameAndPassword] error getting user by username and password: record not found
ERROR: 2024/09/15 16:06:19 users.go:38: [repository.GetUserByUsernameAndPassword] error getting user by username and password: record not found
ERROR: 2024/09/15 16:06:19 users.go:46: [repository.CreateUser] cannot create user. Error is: ОШИБКА: INSERT или UPDATE в таблице "users" нарушает ограничение внешнего ключа "fk_users_role" (SQLSTATE 23503)
ERROR: 2024/09/15 16:09:59 users.go:38: [repository.GetUserByUsernameAndPassword] error getting user by username and password: record not found
ERROR: 2024/09/16 00:27:44 users.go:39: [repository.GetUserByUsernameAndPassword] error getting user by username and password: record not found
ERROR: 2024/09/16 00:27:44 users.go:47: [repository.CreateUser] cannot create user. Error is: ОШИБКА: повторяющееся значение ключа нарушает ограничение уникальности "uni_users_email" (SQLSTATE 23505)
ERROR: 2024/09/16 00:28:55 users.go:39: [repository.GetUserByUsernameAndPassword] error getting user by username and password: record not found
ERROR: 2024/09/20 01:42:47 classes.go:23: [repository.GetClassByName] error getting class by name: record not found
ERROR: 2024/09/20 02:44:18 classes.go:37: [repository GetAllClasses] Error getting all classes: ОШИБКА: таблица "class" отсутствует в предложении FROM (SQLSTATE 42P01)
ERROR: 2024/09/20 02:47:11 classes.go:39: [repository GetAllClasses] Error getting all classes: class_users: unsupported relations for schema Class
ERROR: 2024/09/20 09:50:37 classes.go:39: [repository.GetClassByName] error getting class by name: record not found
ERROR: 2024/09/20 11:45:02 classes.go:50: [repository.GetClassByName] error getting class by name: record not found
ERROR: 2024/09/20 11:49:45 classes.go:34: [service SetClassTeacher] User is not teacher <nil>
ERROR: 2024/09/20 11:50:49 classes.go:34: [service SetClassTeacher] User is not teacher <nil>
ERROR: 2024/09/20 12:32:16 classes.go:34: [service SetClassTeacher] User is not teacher <nil>
ERROR: 2024/09/20 12:41:47 classes.go:50: [repository.GetClassByName] error getting class by name: record not found
ERROR: 2024/09/20 12:43:08 classes.go:34: [service SetClassTeacher] User is not teacher
ERROR: 2024/09/20 12:44:05 classes.go:34: [service SetClassTeacher] User is not teacher
ERROR: 2024/09/20 12:45:11 classes.go:34: [service SetClassTeacher] User is not teacher
ERROR: 2024/09/20 13:09:53 classes.go:34: [service SetClassTeacher] User is not teacher
ERROR: 2024/09/20 13:13:53 classes.go:36: [service SetClassTeacher] User is not teacher
ERROR: 2024/09/20 13:15:54 classes.go:36: [service SetClassTeacher] User is not teacher
ERROR: 2024/09/20 13:16:09 classes.go:74: [repository.GetClassByID] Error getting class by name: record not found
ERROR: 2024/09/20 13:16:09 classes.go:14: [repository SetClassTeacher] Failed to set teacher for class: ОШИБКА: INSERT или UPDATE в таблице "class_users" нарушает ограничение внешнего ключа "fk_class_users_class" (SQLSTATE 23503)
ERROR: 2024/09/21 13:19:29 users.go:39: [repository.GetUserByUsername] error getting user by username: record not found
ERROR: 2024/09/21 13:19:29 users.go:47: [repository.CreateUser] cannot create user. Error is: ОШИБКА: повторяющееся значение ключа нарушает ограничение уникальности "uni_users_email" (SQLSTATE 23505)
ERROR: 2024/09/21 13:22:15 users.go:39: [repository.GetUserByUsername] error getting user by username: record not found
