[GIN-debug] [WARNING] Creating an Engine instance with the Logger and Recovery middleware already attached.

[GIN-debug] [WARNING] Running in "debug" mode. Switch to "release" mode in production.
 - using env:	export GIN_MODE=release
 - using code:	gin.SetMode(gin.ReleaseMode)

[GIN-debug] GET    /swagger/*any             --> github.com/swaggo/gin-swagger.CustomWrapHandler.func1 (3 handlers)
[GIN-debug] GET    /ping                     --> e-dars/pkg/controllers.PingPong (3 handlers)
[GIN-debug] POST   /auth/api/v1/sign-up      --> e-dars/pkg/controllers.SignUp (3 handlers)
[GIN-debug] POST   /auth/api/v1/sign-in      --> e-dars/pkg/controllers.SignIn (3 handlers)
[GIN-debug] GET    /users/api/v1/            --> e-dars/pkg/controllers.GetAllUsers (4 handlers)
[GIN-debug] GET    /users/api/v1/:id         --> e-dars/pkg/controllers.GetUserByID (4 handlers)
[GIN-debug] POST   /users/api/v1/            --> e-dars/pkg/controllers.CreateNewUser (4 handlers)
[GIN-debug] PUT    /users/api/v1/:id         --> e-dars/pkg/controllers.UpdateUser (4 handlers)
[GIN-debug] PATCH  /users/api/v1/deactivate/:id --> e-dars/pkg/controllers.DeActivateUser (4 handlers)
[GIN-debug] PATCH  /users/api/v1/activate/:id --> e-dars/pkg/controllers.ActivateUser (4 handlers)
[GIN-debug] DELETE /users/api/v1/delete/:id  --> e-dars/pkg/controllers.DeleteUser (4 handlers)
[GIN-debug] DELETE /users/api/v1/return/:id  --> e-dars/pkg/controllers.ReturnUser (4 handlers)
[GIN-debug] PATCH  /users/api/v1/reset-password/:id --> e-dars/pkg/controllers.ResetUserPasswordByAdmin (4 handlers)
[GIN-debug] PATCH  /users/api/v1/change-password --> e-dars/pkg/controllers.ChangeOwnPasswordByUser (4 handlers)
[GIN-debug] POST   /classes/api/v1/          --> e-dars/pkg/controllers.CreateNewClass (4 handlers)
[GIN-debug] GET    /classes/api/v1/          --> e-dars/pkg/controllers.GetAllClasses (4 handlers)
[GIN-debug] POST   /classes/api/v1/set       --> e-dars/pkg/controllers.SetClassTeacher (4 handlers)
[GIN-debug] PUT    /classes/api/v1/update/:id --> e-dars/pkg/controllers.UpdateClass (4 handlers)
[GIN] 2024/09/23 - 15:46:37 | 404 |      3.8038ms |             ::1 | PATCH    "/users/api/v1/change-password"
[GIN] 2024/09/23 - 15:47:00 | 200 |      4.3884ms |             ::1 | PATCH    "/users/api/v1/change-password"
[GIN] 2024/09/23 - 15:47:04 | 404 |       791.8µs |             ::1 | PATCH    "/users/api/v1/change-password"
[GIN-debug] [WARNING] Creating an Engine instance with the Logger and Recovery middleware already attached.

[GIN-debug] [WARNING] Running in "debug" mode. Switch to "release" mode in production.
 - using env:	export GIN_MODE=release
 - using code:	gin.SetMode(gin.ReleaseMode)

[GIN-debug] GET    /swagger/*any             --> github.com/swaggo/gin-swagger.CustomWrapHandler.func1 (3 handlers)
[GIN-debug] GET    /ping                     --> e-dars/pkg/controllers.PingPong (3 handlers)
[GIN-debug] POST   /auth/api/v1/sign-up      --> e-dars/pkg/controllers.SignUp (3 handlers)
[GIN-debug] POST   /auth/api/v1/sign-in      --> e-dars/pkg/controllers.SignIn (3 handlers)
[GIN-debug] GET    /users/api/v1/            --> e-dars/pkg/controllers.GetAllUsers (4 handlers)
[GIN-debug] GET    /users/api/v1/:id         --> e-dars/pkg/controllers.GetUserByID (4 handlers)
[GIN-debug] POST   /users/api/v1/            --> e-dars/pkg/controllers.CreateNewUser (4 handlers)
[GIN-debug] PUT    /users/api/v1/:id         --> e-dars/pkg/controllers.UpdateUser (4 handlers)
[GIN-debug] PATCH  /users/api/v1/deactivate/:id --> e-dars/pkg/controllers.DeActivateUser (4 handlers)
[GIN-debug] PATCH  /users/api/v1/activate/:id --> e-dars/pkg/controllers.ActivateUser (4 handlers)
[GIN-debug] DELETE /users/api/v1/delete/:id  --> e-dars/pkg/controllers.DeleteUser (4 handlers)
[GIN-debug] DELETE /users/api/v1/return/:id  --> e-dars/pkg/controllers.ReturnUser (4 handlers)
[GIN-debug] PATCH  /users/api/v1/reset-password/:id --> e-dars/pkg/controllers.ResetUserPasswordByAdmin (4 handlers)
[GIN-debug] PATCH  /users/api/v1/change-password --> e-dars/pkg/controllers.ChangeOwnPasswordByUser (4 handlers)
[GIN-debug] POST   /classes/api/v1/          --> e-dars/pkg/controllers.CreateNewClass (4 handlers)
[GIN-debug] GET    /classes/api/v1/          --> e-dars/pkg/controllers.GetAllClasses (4 handlers)
[GIN-debug] POST   /classes/api/v1/set       --> e-dars/pkg/controllers.SetClassTeacher (4 handlers)
[GIN-debug] PUT    /classes/api/v1/update/:id --> e-dars/pkg/controllers.UpdateClass (4 handlers)
[GIN] 2024/09/23 - 16:01:01 | 404 |      4.2701ms |             ::1 | PATCH    "/users/api/v1/change-password"
[GIN-debug] [WARNING] Creating an Engine instance with the Logger and Recovery middleware already attached.

[GIN-debug] [WARNING] Running in "debug" mode. Switch to "release" mode in production.
 - using env:	export GIN_MODE=release
 - using code:	gin.SetMode(gin.ReleaseMode)

[GIN-debug] GET    /swagger/*any             --> github.com/swaggo/gin-swagger.CustomWrapHandler.func1 (3 handlers)
[GIN-debug] GET    /ping                     --> e-dars/pkg/controllers.PingPong (3 handlers)
[GIN-debug] POST   /auth/api/v1/sign-up      --> e-dars/pkg/controllers.SignUp (3 handlers)
[GIN-debug] POST   /auth/api/v1/sign-in      --> e-dars/pkg/controllers.SignIn (3 handlers)
[GIN-debug] GET    /users/api/v1/            --> e-dars/pkg/controllers.GetAllUsers (4 handlers)
[GIN-debug] GET    /users/api/v1/:id         --> e-dars/pkg/controllers.GetUserByID (4 handlers)
[GIN-debug] POST   /users/api/v1/            --> e-dars/pkg/controllers.CreateNewUser (4 handlers)
[GIN-debug] PUT    /users/api/v1/:id         --> e-dars/pkg/controllers.UpdateUser (4 handlers)
[GIN-debug] PATCH  /users/api/v1/deactivate/:id --> e-dars/pkg/controllers.DeActivateUser (4 handlers)
[GIN-debug] PATCH  /users/api/v1/activate/:id --> e-dars/pkg/controllers.ActivateUser (4 handlers)
[GIN-debug] DELETE /users/api/v1/delete/:id  --> e-dars/pkg/controllers.DeleteUser (4 handlers)
[GIN-debug] DELETE /users/api/v1/return/:id  --> e-dars/pkg/controllers.ReturnUser (4 handlers)
[GIN-debug] PATCH  /users/api/v1/reset-password/:id --> e-dars/pkg/controllers.ResetUserPasswordByAdmin (4 handlers)
[GIN-debug] PATCH  /users/api/v1/change-password --> e-dars/pkg/controllers.ChangeOwnPasswordByUser (4 handlers)
[GIN-debug] POST   /classes/api/v1/          --> e-dars/pkg/controllers.CreateNewClass (4 handlers)
[GIN-debug] GET    /classes/api/v1/          --> e-dars/pkg/controllers.GetAllClasses (4 handlers)
[GIN-debug] POST   /classes/api/v1/set       --> e-dars/pkg/controllers.SetClassTeacher (4 handlers)
[GIN-debug] PUT    /classes/api/v1/update/:id --> e-dars/pkg/controllers.UpdateClass (4 handlers)
[GIN] 2024/09/23 - 16:02:16 | 400 |      3.3954ms |             ::1 | PATCH    "/users/api/v1/change-password"
[GIN-debug] [WARNING] Creating an Engine instance with the Logger and Recovery middleware already attached.

[GIN-debug] [WARNING] Running in "debug" mode. Switch to "release" mode in production.
 - using env:	export GIN_MODE=release
 - using code:	gin.SetMode(gin.ReleaseMode)

[GIN-debug] GET    /swagger/*any             --> github.com/swaggo/gin-swagger.CustomWrapHandler.func1 (3 handlers)
[GIN-debug] GET    /ping                     --> e-dars/pkg/controllers.PingPong (3 handlers)
[GIN-debug] POST   /auth/api/v1/sign-up      --> e-dars/pkg/controllers.SignUp (3 handlers)
[GIN-debug] POST   /auth/api/v1/sign-in      --> e-dars/pkg/controllers.SignIn (3 handlers)
[GIN-debug] GET    /users/api/v1/            --> e-dars/pkg/controllers.GetAllUsers (4 handlers)
[GIN-debug] GET    /users/api/v1/:id         --> e-dars/pkg/controllers.GetUserByID (4 handlers)
[GIN-debug] POST   /users/api/v1/            --> e-dars/pkg/controllers.CreateNewUser (4 handlers)
[GIN-debug] PUT    /users/api/v1/:id         --> e-dars/pkg/controllers.UpdateUser (4 handlers)
[GIN-debug] PATCH  /users/api/v1/deactivate/:id --> e-dars/pkg/controllers.DeActivateUser (4 handlers)
[GIN-debug] PATCH  /users/api/v1/activate/:id --> e-dars/pkg/controllers.ActivateUser (4 handlers)
[GIN-debug] DELETE /users/api/v1/delete/:id  --> e-dars/pkg/controllers.DeleteUser (4 handlers)
[GIN-debug] DELETE /users/api/v1/return/:id  --> e-dars/pkg/controllers.ReturnUser (4 handlers)
[GIN-debug] PATCH  /users/api/v1/reset-password/:id --> e-dars/pkg/controllers.ResetUserPasswordByAdmin (4 handlers)
[GIN-debug] PATCH  /users/api/v1/change-password --> e-dars/pkg/controllers.ChangeOwnPasswordByUser (4 handlers)
[GIN-debug] POST   /classes/api/v1/          --> e-dars/pkg/controllers.CreateNewClass (4 handlers)
[GIN-debug] GET    /classes/api/v1/          --> e-dars/pkg/controllers.GetAllClasses (4 handlers)
[GIN-debug] POST   /classes/api/v1/set       --> e-dars/pkg/controllers.SetClassTeacher (4 handlers)
[GIN-debug] PUT    /classes/api/v1/update/:id --> e-dars/pkg/controllers.UpdateClass (4 handlers)
[GIN] 2024/09/23 - 16:06:35 | 404 |            0s |             ::1 | PUT      "/classes/api/v1/update/"
[GIN-debug] [WARNING] Creating an Engine instance with the Logger and Recovery middleware already attached.

[GIN-debug] [WARNING] Running in "debug" mode. Switch to "release" mode in production.
 - using env:	export GIN_MODE=release
 - using code:	gin.SetMode(gin.ReleaseMode)

[GIN-debug] GET    /swagger/*any             --> github.com/swaggo/gin-swagger.CustomWrapHandler.func1 (3 handlers)
[GIN-debug] GET    /ping                     --> e-dars/pkg/controllers.PingPong (3 handlers)
[GIN-debug] POST   /auth/api/v1/sign-up      --> e-dars/pkg/controllers.SignUp (3 handlers)
[GIN-debug] POST   /auth/api/v1/sign-in      --> e-dars/pkg/controllers.SignIn (3 handlers)
[GIN-debug] GET    /users/api/v1/            --> e-dars/pkg/controllers.GetAllUsers (4 handlers)
[GIN-debug] GET    /users/api/v1/:id         --> e-dars/pkg/controllers.GetUserByID (4 handlers)
[GIN-debug] POST   /users/api/v1/            --> e-dars/pkg/controllers.CreateNewUser (4 handlers)
[GIN-debug] PUT    /users/api/v1/:id         --> e-dars/pkg/controllers.UpdateUser (4 handlers)
[GIN-debug] PATCH  /users/api/v1/deactivate/:id --> e-dars/pkg/controllers.DeActivateUser (4 handlers)
[GIN-debug] PATCH  /users/api/v1/activate/:id --> e-dars/pkg/controllers.ActivateUser (4 handlers)
[GIN-debug] DELETE /users/api/v1/delete/:id  --> e-dars/pkg/controllers.DeleteUser (4 handlers)
[GIN-debug] DELETE /users/api/v1/return/:id  --> e-dars/pkg/controllers.ReturnUser (4 handlers)
[GIN-debug] PATCH  /users/api/v1/reset-password/:id --> e-dars/pkg/controllers.ResetUserPasswordByAdmin (4 handlers)
[GIN-debug] PATCH  /users/api/v1/change-password --> e-dars/pkg/controllers.ChangeOwnPasswordByUser (4 handlers)
[GIN-debug] POST   /classes/api/v1/          --> e-dars/pkg/controllers.CreateNewClass (4 handlers)
[GIN-debug] GET    /classes/api/v1/          --> e-dars/pkg/controllers.GetAllClasses (4 handlers)
[GIN-debug] POST   /classes/api/v1/set       --> e-dars/pkg/controllers.SetClassTeacher (4 handlers)
[GIN-debug] PUT    /classes/api/v1/update/:id --> e-dars/pkg/controllers.UpdateClass (4 handlers)
[GIN] 2024/09/23 - 16:09:26 | 404 |            0s |             ::1 | PUT      "/classes/api/v1/update/"
[GIN] 2024/09/23 - 16:09:27 | 200 |       432.8µs |             ::1 | GET      "/swagger/index.html"
[GIN] 2024/09/23 - 16:09:27 | 200 |            0s |             ::1 | GET      "/swagger/swagger-ui.css"
[GIN] 2024/09/23 - 16:09:27 | 200 |       511.7µs |             ::1 | GET      "/swagger/swagger-ui-standalone-preset.js"
[GIN] 2024/09/23 - 16:09:27 | 200 |      1.0477ms |             ::1 | GET      "/swagger/swagger-ui-bundle.js"
[GIN] 2024/09/23 - 16:09:28 | 200 |       302.2µs |             ::1 | GET      "/swagger/doc.json"
[GIN] 2024/09/23 - 16:09:28 | 200 |            0s |             ::1 | GET      "/swagger/favicon-32x32.png"
[GIN] 2024/09/23 - 16:09:48 | 400 |      1.6042ms |             ::1 | POST     "/auth/api/v1/sign-in"
[GIN] 2024/09/23 - 16:09:57 | 200 |      1.9582ms |             ::1 | POST     "/auth/api/v1/sign-in"
[GIN] 2024/09/23 - 16:10:49 | 404 |            0s |             ::1 | PUT      "/classes/api/v1/update/"
[GIN-debug] [WARNING] Creating an Engine instance with the Logger and Recovery middleware already attached.

[GIN-debug] [WARNING] Running in "debug" mode. Switch to "release" mode in production.
 - using env:	export GIN_MODE=release
 - using code:	gin.SetMode(gin.ReleaseMode)

[GIN-debug] GET    /swagger/*any             --> github.com/swaggo/gin-swagger.CustomWrapHandler.func1 (3 handlers)
[GIN-debug] GET    /ping                     --> e-dars/pkg/controllers.PingPong (3 handlers)
[GIN-debug] POST   /auth/api/v1/sign-up      --> e-dars/pkg/controllers.SignUp (3 handlers)
[GIN-debug] POST   /auth/api/v1/sign-in      --> e-dars/pkg/controllers.SignIn (3 handlers)
[GIN-debug] GET    /users/api/v1/            --> e-dars/pkg/controllers.GetAllUsers (4 handlers)
[GIN-debug] GET    /users/api/v1/:id         --> e-dars/pkg/controllers.GetUserByID (4 handlers)
[GIN-debug] POST   /users/api/v1/            --> e-dars/pkg/controllers.CreateNewUser (4 handlers)
[GIN-debug] PUT    /users/api/v1/:id         --> e-dars/pkg/controllers.UpdateUser (4 handlers)
[GIN-debug] PATCH  /users/api/v1/deactivate/:id --> e-dars/pkg/controllers.DeActivateUser (4 handlers)
[GIN-debug] PATCH  /users/api/v1/activate/:id --> e-dars/pkg/controllers.ActivateUser (4 handlers)
[GIN-debug] DELETE /users/api/v1/delete/:id  --> e-dars/pkg/controllers.DeleteUser (4 handlers)
[GIN-debug] DELETE /users/api/v1/return/:id  --> e-dars/pkg/controllers.ReturnUser (4 handlers)
[GIN-debug] PATCH  /users/api/v1/reset-password/:id --> e-dars/pkg/controllers.ResetUserPasswordByAdmin (4 handlers)
[GIN-debug] PATCH  /users/api/v1/change-password --> e-dars/pkg/controllers.ChangeOwnPasswordByUser (4 handlers)
[GIN-debug] POST   /classes/api/v1/          --> e-dars/pkg/controllers.CreateNewClass (4 handlers)
[GIN-debug] GET    /classes/api/v1/          --> e-dars/pkg/controllers.GetAllClasses (4 handlers)
[GIN-debug] POST   /classes/api/v1/set       --> e-dars/pkg/controllers.SetClassTeacher (4 handlers)
[GIN-debug] PUT    /classes/api/v1/update/:id --> e-dars/pkg/controllers.UpdateClass (4 handlers)
[GIN] 2024/09/23 - 16:13:09 | 200 |       170.6µs |             ::1 | GET      "/swagger/index.html"
[GIN] 2024/09/23 - 16:13:09 | 200 |            0s |             ::1 | GET      "/swagger/swagger-ui.css"
[GIN] 2024/09/23 - 16:13:09 | 200 |       505.2µs |             ::1 | GET      "/swagger/swagger-ui-standalone-preset.js"
[GIN] 2024/09/23 - 16:13:09 | 200 |       1.029ms |             ::1 | GET      "/swagger/swagger-ui-bundle.js"
[GIN] 2024/09/23 - 16:13:09 | 200 |       934.7µs |             ::1 | GET      "/swagger/doc.json"
[GIN] 2024/09/23 - 16:13:09 | 200 |            0s |             ::1 | GET      "/swagger/favicon-32x32.png"
[GIN] 2024/09/23 - 16:13:28 | 200 |      2.7987ms |             ::1 | POST     "/auth/api/v1/sign-in"
[GIN] 2024/09/23 - 16:14:04 | 404 |            0s |             ::1 | PUT      "/classes/api/v1/update/"
[GIN-debug] [WARNING] Creating an Engine instance with the Logger and Recovery middleware already attached.

[GIN-debug] [WARNING] Running in "debug" mode. Switch to "release" mode in production.
 - using env:	export GIN_MODE=release
 - using code:	gin.SetMode(gin.ReleaseMode)

[GIN-debug] GET    /swagger/*any             --> github.com/swaggo/gin-swagger.CustomWrapHandler.func1 (3 handlers)
[GIN-debug] GET    /ping                     --> e-dars/pkg/controllers.PingPong (3 handlers)
[GIN-debug] POST   /auth/api/v1/sign-up      --> e-dars/pkg/controllers.SignUp (3 handlers)
[GIN-debug] POST   /auth/api/v1/sign-in      --> e-dars/pkg/controllers.SignIn (3 handlers)
[GIN-debug] GET    /users/api/v1/            --> e-dars/pkg/controllers.GetAllUsers (4 handlers)
[GIN-debug] GET    /users/api/v1/:id         --> e-dars/pkg/controllers.GetUserByID (4 handlers)
[GIN-debug] POST   /users/api/v1/            --> e-dars/pkg/controllers.CreateNewUser (4 handlers)
[GIN-debug] PUT    /users/api/v1/:id         --> e-dars/pkg/controllers.UpdateUser (4 handlers)
[GIN-debug] PATCH  /users/api/v1/deactivate/:id --> e-dars/pkg/controllers.DeActivateUser (4 handlers)
[GIN-debug] PATCH  /users/api/v1/activate/:id --> e-dars/pkg/controllers.ActivateUser (4 handlers)
[GIN-debug] DELETE /users/api/v1/delete/:id  --> e-dars/pkg/controllers.DeleteUser (4 handlers)
[GIN-debug] DELETE /users/api/v1/return/:id  --> e-dars/pkg/controllers.ReturnUser (4 handlers)
[GIN-debug] PATCH  /users/api/v1/reset-password/:id --> e-dars/pkg/controllers.ResetUserPasswordByAdmin (4 handlers)
[GIN-debug] PATCH  /users/api/v1/change-password --> e-dars/pkg/controllers.ChangeOwnPasswordByUser (4 handlers)
[GIN-debug] POST   /classes/api/v1/          --> e-dars/pkg/controllers.CreateNewClass (4 handlers)
[GIN-debug] GET    /classes/api/v1/          --> e-dars/pkg/controllers.GetAllClasses (4 handlers)
[GIN-debug] POST   /classes/api/v1/set       --> e-dars/pkg/controllers.SetClassTeacher (4 handlers)
[GIN-debug] PUT    /classes/api/v1/update/:id --> e-dars/pkg/controllers.UpdateClass (4 handlers)
[GIN] 2024/09/23 - 16:15:47 | 404 |            0s |             ::1 | PUT      "/classes/api/v1/update/"
[GIN] 2024/09/23 - 16:15:50 | 200 |         166µs |             ::1 | GET      "/swagger/index.html"
[GIN] 2024/09/23 - 16:15:50 | 200 |       323.2µs |             ::1 | GET      "/swagger/swagger-ui.css"
[GIN] 2024/09/23 - 16:15:50 | 200 |       522.1µs |             ::1 | GET      "/swagger/swagger-ui-standalone-preset.js"
[GIN] 2024/09/23 - 16:15:50 | 200 |      1.0268ms |             ::1 | GET      "/swagger/swagger-ui-bundle.js"
[GIN] 2024/09/23 - 16:15:50 | 200 |         811µs |             ::1 | GET      "/swagger/doc.json"
[GIN] 2024/09/23 - 16:15:50 | 200 |       2.462ms |             ::1 | GET      "/swagger/favicon-32x32.png"
[GIN] 2024/09/23 - 16:16:07 | 200 |      2.3635ms |             ::1 | POST     "/auth/api/v1/sign-in"
[GIN] 2024/09/23 - 16:16:36 | 200 |      3.5102ms |             ::1 | PUT      "/classes/api/v1/update/1"
[GIN-debug] [WARNING] Creating an Engine instance with the Logger and Recovery middleware already attached.

[GIN-debug] [WARNING] Running in "debug" mode. Switch to "release" mode in production.
 - using env:	export GIN_MODE=release
 - using code:	gin.SetMode(gin.ReleaseMode)

[GIN-debug] GET    /swagger/*any             --> github.com/swaggo/gin-swagger.CustomWrapHandler.func1 (3 handlers)
[GIN-debug] GET    /ping                     --> e-dars/pkg/controllers.PingPong (3 handlers)
[GIN-debug] POST   /auth/api/v1/sign-up      --> e-dars/pkg/controllers.SignUp (3 handlers)
[GIN-debug] POST   /auth/api/v1/sign-in      --> e-dars/pkg/controllers.SignIn (3 handlers)
[GIN-debug] GET    /users/api/v1/            --> e-dars/pkg/controllers.GetAllUsers (4 handlers)
[GIN-debug] GET    /users/api/v1/:id         --> e-dars/pkg/controllers.GetUserByID (4 handlers)
[GIN-debug] POST   /users/api/v1/            --> e-dars/pkg/controllers.CreateNewUser (4 handlers)
[GIN-debug] PUT    /users/api/v1/:id         --> e-dars/pkg/controllers.UpdateUser (4 handlers)
[GIN-debug] PATCH  /users/api/v1/deactivate/:id --> e-dars/pkg/controllers.DeActivateUser (4 handlers)
[GIN-debug] PATCH  /users/api/v1/activate/:id --> e-dars/pkg/controllers.ActivateUser (4 handlers)
[GIN-debug] DELETE /users/api/v1/delete/:id  --> e-dars/pkg/controllers.DeleteUser (4 handlers)
[GIN-debug] DELETE /users/api/v1/return/:id  --> e-dars/pkg/controllers.ReturnUser (4 handlers)
[GIN-debug] PATCH  /users/api/v1/reset-password/:id --> e-dars/pkg/controllers.ResetUserPasswordByAdmin (4 handlers)
[GIN-debug] PATCH  /users/api/v1/change-password --> e-dars/pkg/controllers.ChangeOwnPasswordByUser (4 handlers)
[GIN-debug] POST   /classes/api/v1/          --> e-dars/pkg/controllers.CreateNewClass (4 handlers)
[GIN-debug] GET    /classes/api/v1/          --> e-dars/pkg/controllers.GetAllClasses (4 handlers)
[GIN-debug] POST   /classes/api/v1/set       --> e-dars/pkg/controllers.SetClassTeacher (4 handlers)
[GIN-debug] PUT    /classes/api/v1/update/:id --> e-dars/pkg/controllers.UpdateClass (4 handlers)
[GIN-debug] DELETE /classes/api/v1/delete/:id --> e-dars/pkg/controllers.UpdateClass (4 handlers)
[GIN-debug] DELETE /classes/api/v1/return/:id --> e-dars/pkg/controllers.UpdateClass (4 handlers)
[GIN] 2024/09/23 - 16:42:05 | 200 |       625.3µs |             ::1 | GET      "/swagger/index.html"
[GIN] 2024/09/23 - 16:42:05 | 200 |       590.9µs |             ::1 | GET      "/swagger/swagger-ui.css"
[GIN] 2024/09/23 - 16:42:05 | 200 |       590.9µs |             ::1 | GET      "/swagger/swagger-ui-standalone-preset.js"
[GIN] 2024/09/23 - 16:42:05 | 200 |       1.095ms |             ::1 | GET      "/swagger/swagger-ui-bundle.js"
[GIN] 2024/09/23 - 16:42:05 | 200 |       674.4µs |             ::1 | GET      "/swagger/doc.json"
[GIN] 2024/09/23 - 16:42:05 | 200 |       278.5µs |             ::1 | GET      "/swagger/favicon-32x32.png"
[GIN] 2024/09/23 - 16:42:22 | 200 |      2.3053ms |             ::1 | POST     "/auth/api/v1/sign-in"
[GIN-debug] [WARNING] Headers were already written. Wanted to override status code 400 with 200
[GIN] 2024/09/23 - 16:42:56 | 400 |      1.7451ms |             ::1 | DELETE   "/classes/api/v1/delete/1"
[GIN-debug] [WARNING] Headers were already written. Wanted to override status code 400 with 200
[GIN] 2024/09/23 - 16:43:51 | 400 |      2.2396ms |             ::1 | DELETE   "/classes/api/v1/return/1"
[GIN-debug] [WARNING] Creating an Engine instance with the Logger and Recovery middleware already attached.

[GIN-debug] [WARNING] Running in "debug" mode. Switch to "release" mode in production.
 - using env:	export GIN_MODE=release
 - using code:	gin.SetMode(gin.ReleaseMode)

[GIN-debug] GET    /swagger/*any             --> github.com/swaggo/gin-swagger.CustomWrapHandler.func1 (3 handlers)
[GIN-debug] GET    /ping                     --> e-dars/pkg/controllers.PingPong (3 handlers)
[GIN-debug] POST   /auth/api/v1/sign-up      --> e-dars/pkg/controllers.SignUp (3 handlers)
[GIN-debug] POST   /auth/api/v1/sign-in      --> e-dars/pkg/controllers.SignIn (3 handlers)
[GIN-debug] GET    /users/api/v1/            --> e-dars/pkg/controllers.GetAllUsers (4 handlers)
[GIN-debug] GET    /users/api/v1/:id         --> e-dars/pkg/controllers.GetUserByID (4 handlers)
[GIN-debug] POST   /users/api/v1/            --> e-dars/pkg/controllers.CreateNewUser (4 handlers)
[GIN-debug] PUT    /users/api/v1/:id         --> e-dars/pkg/controllers.UpdateUser (4 handlers)
[GIN-debug] PATCH  /users/api/v1/deactivate/:id --> e-dars/pkg/controllers.DeActivateUser (4 handlers)
[GIN-debug] PATCH  /users/api/v1/activate/:id --> e-dars/pkg/controllers.ActivateUser (4 handlers)
[GIN-debug] DELETE /users/api/v1/delete/:id  --> e-dars/pkg/controllers.DeleteUser (4 handlers)
[GIN-debug] DELETE /users/api/v1/return/:id  --> e-dars/pkg/controllers.ReturnUser (4 handlers)
[GIN-debug] PATCH  /users/api/v1/reset-password/:id --> e-dars/pkg/controllers.ResetUserPasswordByAdmin (4 handlers)
[GIN-debug] PATCH  /users/api/v1/change-password --> e-dars/pkg/controllers.ChangeOwnPasswordByUser (4 handlers)
[GIN-debug] POST   /classes/api/v1/          --> e-dars/pkg/controllers.CreateNewClass (4 handlers)
[GIN-debug] GET    /classes/api/v1/          --> e-dars/pkg/controllers.GetAllClasses (4 handlers)
[GIN-debug] POST   /classes/api/v1/set       --> e-dars/pkg/controllers.SetClassTeacher (4 handlers)
[GIN-debug] PUT    /classes/api/v1/update/:id --> e-dars/pkg/controllers.UpdateClass (4 handlers)
[GIN-debug] DELETE /classes/api/v1/delete/:id --> e-dars/pkg/controllers.DeleteClass (4 handlers)
[GIN-debug] DELETE /classes/api/v1/return/:id --> e-dars/pkg/controllers.ReturnClass (4 handlers)
[GIN] 2024/09/23 - 16:47:34 | 200 |      1.1295ms |             ::1 | GET      "/swagger/index.html"
[GIN] 2024/09/23 - 16:47:34 | 200 |       581.2µs |             ::1 | GET      "/swagger/swagger-ui.css"
[GIN] 2024/09/23 - 16:47:34 | 200 |       581.2µs |             ::1 | GET      "/swagger/swagger-ui-standalone-preset.js"
[GIN] 2024/09/23 - 16:47:34 | 200 |      1.1858ms |             ::1 | GET      "/swagger/swagger-ui-bundle.js"
[GIN] 2024/09/23 - 16:47:34 | 200 |       158.4µs |             ::1 | GET      "/swagger/doc.json"
[GIN] 2024/09/23 - 16:47:34 | 200 |       951.8µs |             ::1 | GET      "/swagger/favicon-32x32.png"
[GIN] 2024/09/23 - 16:47:52 | 200 |      2.3368ms |             ::1 | POST     "/auth/api/v1/sign-in"
[GIN] 2024/09/23 - 16:48:20 | 200 |      4.4902ms |             ::1 | DELETE   "/classes/api/v1/delete/1"
[GIN] 2024/09/23 - 16:48:44 | 200 |      2.8338ms |             ::1 | DELETE   "/classes/api/v1/return/1"
